<?xml version="1.0"?>
<root>
    <metadata>
        <gencode>11</gencode>
        <genomes>
            <genome>test-data/merlin.fa</genome>
        </genomes>
    </metadata>
    <tracks>
        <track cat="Gene Calls" format="gene_calls">
            <files>
                <trackFile path="test-data/merlin.gff" ext="gff3" label="Gene Calls"/>
            </files>

            <options>
                <style>
                    <className>feature</className>
                    <description>feature</description>
                    <label>name,id</label>
                    <height>100px</height>
                </style>
                <gff>
                    <match>true</match>
                </gff>
            </options>
        </track>
    </tracks>
</root>
