<?xml version="1.0"?>
<tracks>
    <track>
        <files>
            <file>test-data/merlin.gff</file>
        </files>
        <extensions>
            <extension>gff3</extension>
        </extensions>
        <labels>
            <label>Gene Calls</label>
        </labels>

        <category>Gene Calls</category>
        <format>gene_calls</format>

        <options>
            <style>
                <className>feature</className>
                <description>feature</description>
                <label>name,id</label>
                <height>100px</height>
            </style>
            <gff>
                <match>true</match>
            </gff>
        </options>
    </track>
</tracks>
