<?xml version="1.0"?>
<tracks>
    <track>
        <files>
            <trackFile>
                <file>test-data/merlin.gff</file>
                <extension>gff3</extension>
                <label>Gene Calls</label>
            </trackFile>
        </files>

        <category>Gene Calls</category>
        <format>gene_calls</format>

        <options>
            <style>
                <className>feature</className>
                <description>feature</description>
                <label>name,id</label>
                <height>100px</height>
            </style>
            <gff>
                <match>true</match>
            </gff>
        </options>
    </track>
</tracks>
