


<tracks>
    <track>
        <files>
            <file>/home/hxr/work/galaxy/database/files/000/dataset_7.dat</file>
        </files>
        <extensions>
            <extension>gff3</extension>
        </extensions>
        <labels>
            <label>merlin.gff</label>
        </labels>

        <category>Gene Calls</category>
        <format>gene_calls</format>

        <options>
            <style>
                <className>feature</className>
                <description>note,description</description>
                <label>name,id</label>
                <height>100px</height>
            </style>


            <gff>
                <match>false</match>
            </gff>

            <scaling>
                <score>
                    <method>score</method>
                    <algo>linear</algo>
                    <scales>
                        <type>automatic</type>

                    </scales>
                    <scheme>
                        <type>brewer</type>
                        <brewer>Spectral</brewer>
                    </scheme>
              </score>
            </scaling>
        </options>
    </track>
    <track>
        <files>
            <file>/home/hxr/work/galaxy/database/files/000/dataset_5.dat</file>
        </files>
        <extensions>
            <extension>gff3</extension>
        </extensions>
        <labels>
            <label>interpro.gff</label>
        </labels>

        <category>Functional Scans</category>
        <format>gene_calls</format>

        <options>
            <style>
                <className>feature</className>
                <description>note,description</description>
                <label>name,id</label>
                <height>100px</height>
            </style>


            <gff>
                <match>false</match>
            </gff>

            <scaling>
                <score>
                    <method>score</method>
                    <algo>linear</algo>
                    <scales>
                        <type>automatic</type>

                    </scales>
                    <scheme>
                        <type>opacity</type>
                        <color>__auto__</color>
                    </scheme>
              </score>
            </scaling>
        </options>
    </track>
    <track>
        <files>
            <file>/home/hxr/work/galaxy/database/files/000/dataset_9.dat</file>
        </files>
        <extensions>
            <extension>xml</extension>
        </extensions>
        <labels>
            <label>blast.xml</label>
        </labels>

        <category>BLAST</category>
        <format>blast</format>

        <options>
            <style>
                <className>feature</className>
                <description>Hit_titles</description>
                <label>description</label>
                <height>600px</height>
            </style>


            <blast>
                <parent>/home/hxr/work/galaxy/database/files/000/dataset_7.dat</parent>
                <protein>true</protein>
                <min_gap>10</min_gap>
                <match>true</match>
            </blast>

            <scaling>
                <score>
                    <method>score</method>
                    <algo>linear</algo>
                    <scales>
                        <type>automatic</type>

                    </scales>
                    <scheme>
                        <type>brewer</type>
                        <brewer>PRGn</brewer>
                    </scheme>
              </score>
            </scaling>
        </options>
    </track>
    <track>
        <files>
            <file>/home/hxr/work/galaxy/database/files/000/dataset_8.dat</file>
        </files>
        <extensions>
            <extension>vcf</extension>
        </extensions>
        <labels>
            <label>test.vcf</label>
        </labels>

        <category>VCF</category>
        <format>vcf</format>

        <options>
            <style>
            </style>



        </options>
    </track>
    <track>
        <files>
            <file>/home/hxr/work/galaxy/database/files/000/dataset_4.dat</file>
        </files>
        <extensions>
            <extension>bigwig</extension>
        </extensions>
        <labels>
            <label>154.bw</label>
        </labels>

        <category>Sequencing</category>
        <format>wiggle</format>

        <options>
            <style>
            </style>


            <wiggle>
                <type>JBrowse/View/Track/Wiggle/XYPlot</type>
                <variance_band>false</variance_band>
                <min>20</min>
                <max>100</max>

                <color_config>automatic</color_config>
                <color>__auto__</color>

                <bicolor_pivot>zero</bicolor_pivot>
            </wiggle>

        </options>
    </track>
    <track>
        <files>
            <file>/home/hxr/work/galaxy/database/files/000/dataset_3.dat</file>
        </files>
        <extensions>
            <extension>bam</extension>
        </extensions>
        <labels>
            <label>154.bam</label>
        </labels>

        <category>Sequencing</category>
        <format>pileup</format>

        <options>
            <style>
            </style>


            <pileup>
                <auto_snp>true</auto_snp>
                <bam_indices>
                    <bam_index>/home/hxr/work/galaxy/database/files/_metadata_files/000/metadata_1.dat</bam_index>
                </bam_indices>
            </pileup>

        </options>
    </track>
</tracks>

      